<?xml version="1.0" encoding="UTF-8"?>
<!-- Generated by org.testng.reporters.JUnitXMLReporter -->
<testsuite hostname="SAJAL-PC" ignored="0" name="PROJECT_Test1" tests="1" failures="1" timestamp="03 Mar 2022 10:54:05 GMT" time="65.901" errors="0">
  <testcase name="TC_TYSS_ModuleName_010" time="42.22" classname="com.tyss.demo.scripts.modulename.TYSS_ModuleName_010">
    <failure type="java.lang.AssertionError" message="Unable to perform action on Create New Board Button">
      <![CDATA[java.lang.AssertionError: Unable to perform action on Create New Board Button
	at com.tyss.demo.pages.Trello_HomePage.clkCreateNewBoard1(Trello_HomePage.java:347)
	at com.tyss.demo.scripts.modulename.TYSS_ModuleName_010.TC_TYSS_ModuleName_010(TYSS_ModuleName_010.java:31)
... Removed 26 stack frames]]>
    </failure>
  </testcase> <!-- TC_TYSS_ModuleName_010 -->
</testsuite> <!-- PROJECT_Test1 -->
