<?xml version="1.0" encoding="UTF-8"?>
<!-- Generated by org.testng.reporters.JUnitXMLReporter -->
<testsuite hostname="SAJAL-PC" ignored="0" name="PROJECT_Test1" tests="1" failures="0" timestamp="01 Mar 2022 12:25:21 GMT" time="109.466" errors="0">
  <testcase name="@BeforeMethod setExtentReport" time="84.182" classname="com.tyss.demo.baseutil.BaseTest">
    <skipped/>
  </testcase> <!-- @BeforeMethod setExtentReport -->
  <testcase name="testDemo" time="0.0" classname="com.tyss.demo.scripts.modulename.Demo">
    <skipped/>
  </testcase> <!-- testDemo -->
</testsuite> <!-- PROJECT_Test1 -->
