<?xml version="1.0" encoding="UTF-8"?>
<testng-results ignored="0" total="1" passed="1" failed="0" skipped="0">
  <reporter-output>
  </reporter-output>
  <suite started-at="2022-10-03T11:45:20 IST" name="Trello" finished-at="2022-10-03T11:47:13 IST" duration-ms="113114">
    <groups>
    </groups>
    <test started-at="2022-10-03T11:45:20 IST" name="PROJECT_Test1" finished-at="2022-10-03T11:47:13 IST" duration-ms="113114">
      <class name="com.tyss.trello.scripts.TYSS_Trello_002">
        <test-method is-config="true" signature="createFiles()[pri:0, instance:com.tyss.trello.scripts.TYSS_Trello_002@2d1dee39]" started-at="2022-10-03T11:45:20 IST" name="createFiles" finished-at="2022-10-03T11:45:20 IST" duration-ms="133" status="PASS">
          <reporter-output>
          </reporter-output>
        </test-method> <!-- createFiles -->
        <test-method is-config="true" signature="downloadDriverExecutables(java.lang.String)[pri:0, instance:com.tyss.trello.scripts.TYSS_Trello_002@2d1dee39]" started-at="2022-10-03T11:45:20 IST" name="downloadDriverExecutables" finished-at="2022-10-03T11:45:23 IST" duration-ms="2577" status="PASS">
          <params>
            <param index="0">
              <value>
                <![CDATA[chrome]]>
              </value>
            </param>
          </params>
          <reporter-output>
          </reporter-output>
        </test-method> <!-- downloadDriverExecutables -->
        <test-method is-config="true" signature="launchBrowser(java.lang.String)[pri:0, instance:com.tyss.trello.scripts.TYSS_Trello_002@2d1dee39]" started-at="2022-10-03T11:45:23 IST" name="launchBrowser" finished-at="2022-10-03T11:45:26 IST" duration-ms="3506" status="PASS">
          <params>
            <param index="0">
              <value>
                <![CDATA[chrome]]>
              </value>
            </param>
          </params>
          <reporter-output>
          </reporter-output>
        </test-method> <!-- launchBrowser -->
        <test-method is-config="true" signature="setExtentReport(java.lang.String,java.lang.reflect.Method)[pri:0, instance:com.tyss.trello.scripts.TYSS_Trello_002@2d1dee39]" started-at="2022-10-03T11:45:27 IST" name="setExtentReport" finished-at="2022-10-03T11:45:28 IST" duration-ms="1363" status="PASS">
          <params>
            <param index="0">
              <value>
                <![CDATA[chrome]]>
              </value>
            </param>
            <param index="1">
              <value>
                <![CDATA[public void com.tyss.trello.scripts.TYSS_Trello_002.TC_TYSS_Trello_002(java.lang.String,java.lang.String,java.lang.String,java.lang.String,java.lang.String,java.lang.String,java.lang.String,java.lang.String,java.lang.String,java.lang.String,java.lang.String)]]>
              </value>
            </param>
          </params>
          <reporter-output>
          </reporter-output>
        </test-method> <!-- setExtentReport -->
        <test-method signature="TC_TYSS_Trello_002(java.lang.String,java.lang.String,java.lang.String,java.lang.String,java.lang.String,java.lang.String,java.lang.String,java.lang.String,java.lang.String,java.lang.String,java.lang.String)[pri:0, instance:com.tyss.trello.scripts.TYSS_Trello_002@2d1dee39]" started-at="2022-10-03T11:45:28 IST" name="TC_TYSS_Trello_002" description="Description: Verify that whether user is able to Move a Card" data-provider="data1" finished-at="2022-10-03T11:47:12 IST" duration-ms="104174" status="PASS">
          <params>
            <param index="0">
              <value>
                <![CDATA[Trello_002]]>
              </value>
            </param>
            <param index="1">
              <value>
                <![CDATA[TYSSPO Sprint 02]]>
              </value>
            </param>
            <param index="2">
              <value>
                <![CDATA[Log Issue]]>
              </value>
            </param>
            <param index="3">
              <value>
                <![CDATA[Log Issue fixed]]>
              </value>
            </param>
            <param index="4">
              <value>
                <![CDATA[Log Generated]]>
              </value>
            </param>
            <param index="5">
              <value>
                <![CDATA[Log]]>
              </value>
            </param>
            <param index="6">
              <value>
                <![CDATA[logs]]>
              </value>
            </param>
            <param index="7">
              <value>
                <![CDATA[TYSS]]>
              </value>
            </param>
            <param index="8">
              <value>
                <![CDATA[Verify that user is able to Move a Card]]>
              </value>
            </param>
            <param index="9">
              <value>
                <![CDATA[Test]]>
              </value>
            </param>
            <param index="10">
              <value>
                <![CDATA[blue]]>
              </value>
            </param>
          </params>
          <reporter-output>
          </reporter-output>
        </test-method> <!-- TC_TYSS_Trello_002 -->
        <test-method is-config="true" signature="closeBrowser()[pri:0, instance:com.tyss.trello.scripts.TYSS_Trello_002@2d1dee39]" started-at="2022-10-03T11:47:12 IST" name="closeBrowser" finished-at="2022-10-03T11:47:13 IST" duration-ms="812" status="PASS">
          <reporter-output>
          </reporter-output>
        </test-method> <!-- closeBrowser -->
        <test-method is-config="true" signature="killTask(java.lang.String)[pri:0, instance:com.tyss.trello.scripts.TYSS_Trello_002@2d1dee39]" started-at="2022-10-03T11:47:13 IST" name="killTask" finished-at="2022-10-03T11:47:13 IST" duration-ms="55" status="PASS">
          <params>
            <param index="0">
              <value>
                <![CDATA[chrome]]>
              </value>
            </param>
          </params>
          <reporter-output>
          </reporter-output>
        </test-method> <!-- killTask -->
      </class> <!-- com.tyss.trello.scripts.TYSS_Trello_002 -->
    </test> <!-- PROJECT_Test1 -->
  </suite> <!-- Trello -->
</testng-results>
